[2026-04-19 01:45:18] iniciando el demonio xdd
[2026-04-19 01:45:18] Eliminando commands.txt
[2026-04-19 01:45:18] Creado FIFO correctamente... Esperando Toadd-CLI
[2026-04-19 01:48:33] FIFO abierto para lectura correctamente
[2026-04-19 01:48:33] chao demonio
[2026-04-19 01:48:33] Eliminando commands.txt
[2026-04-19 02:01:20] [36372] demonio iniciado correctamente
[2026-04-19 02:01:20] [36372] Eliminando commands.txt
[2026-04-19 02:01:20] [36372] Creado FIFO correctamente... Esperando Toadd-CLI
[2026-04-19 02:01:58] [36372] FIFO abierto para lectura correctamente
[2026-04-19 02:01:58] [36372] Eliminando commands.txt
[2026-04-19 19:31:44] [9588] demonio iniciado correctamente
[2026-04-19 19:31:44] [9588] Creado FIFO correctamente... Esperando Toadd-CLI
[2026-04-19 19:33:42] [9588] FIFO abierto para lectura correctamente
[2026-04-19 19:33:42] [9588] commando recibido:
[2026-04-19 19:33:42] [9588] HOLA_DEMONIO

[2026-04-19 19:33:42] [9588] chao chao escritro
[2026-04-19 19:33:42] [9588] Eliminando commands.txt
[2026-04-19 19:41:05] [10016] demonio iniciado correctamente
[2026-04-19 19:41:05] [10016] Creado FIFO correctamente... Esperando Toadd-CLI
[2026-04-19 19:41:38] [10016] FIFO abierto para lectura correctamente
[2026-04-19 19:41:38] [10016] commando recibido:
[2026-04-19 19:41:38] [10016] hola

[2026-04-19 19:41:38] [10016] proceso escritor se cerró
[2026-04-19 19:43:01] [10016] commando recibido:
[2026-04-19 19:43:01] [10016] EXIT

[2026-04-19 19:43:01] [10016] proceso escritor se cerró
